<?xml version="1.0" encoding="UTF-8"?>
<Site BuildName="(empty)"
	BuildStamp="20250521-0639-Experimental"
	Name="8f6fdf5f36f1"
	Generator="ctest-3.28.3"
	CompilerName="/usr/bin/c++"
	CompilerVersion="13.3.0"
	OSName="Linux"
	Hostname="8f6fdf5f36f1"
	OSRelease="6.10.14-linuxkit"
	OSVersion="#1 SMP Mon Feb 24 16:35:16 UTC 2025"
	OSPlatform="aarch64"
	Is64Bits="1"
	VendorString=""
	VendorID="Unknown Manufacturer"
	FamilyID="8"
	ModelID="0"
	ProcessorCacheSize="0"
	NumberOfLogicalCPU="10"
	NumberOfPhysicalCPU="1"
	TotalVirtualMemory="4095"
	TotalPhysicalMemory="15973"
	LogicalProcessorsPerPhysical="10"
	ProcessorClockFrequency="0"
	>
	<Testing>
		<StartDateTime>May 21 17:22 UTC</StartDateTime>
		<StartTestTime>1747848125</StartTestTime>
		<TestList/>
		<EndDateTime>May 21 17:22 UTC</EndDateTime>
		<EndTestTime>1747848125</EndTestTime>
		<ElapsedMinutes>0</ElapsedMinutes>
	</Testing>
</Site>
